<?xml version="1.0" encoding="UTF-8"?>
<coverage generated="1700755792163" clover="3.2.0">
  <project timestamp="1700755792163" name="All files">
    <metrics statements="25" coveredstatements="22" conditionals="14" coveredconditionals="13" methods="2" coveredmethods="2" elements="41" coveredelements="37" complexity="0" loc="25" ncloc="25" packages="3" files="3" classes="3"/>
    <package name="axios.request">
      <metrics statements="15" coveredstatements="15" conditionals="14" coveredconditionals="13" methods="1" coveredmethods="1"/>
      <file name="get.js" path="C:\Users\andre\OneDrive\Escritorio\LenguajesProgramacion\Serverless\Microservice_OpenWeather_Nodejs_Jest_AWS\src\helpers\axios\request\get.js">
        <metrics statements="15" coveredstatements="15" conditionals="14" coveredconditionals="13" methods="1" coveredmethods="1"/>
        <line num="1" count="1" type="stmt"/>
        <line num="16" count="1" type="stmt"/>
        <line num="17" count="11" type="stmt"/>
        <line num="18" count="11" type="cond" truecount="8" falsecount="0"/>
        <line num="19" count="5" type="stmt"/>
        <line num="20" count="6" type="cond" truecount="4" falsecount="0"/>
        <line num="21" count="2" type="stmt"/>
        <line num="23" count="4" type="stmt"/>
        <line num="25" count="7" type="cond" truecount="1" falsecount="1"/>
        <line num="27" count="7" type="stmt"/>
        <line num="29" count="4" type="stmt"/>
        <line num="30" count="4" type="stmt"/>
        <line num="31" count="4" type="stmt"/>
        <line num="32" count="4" type="stmt"/>
        <line num="36" count="1" type="stmt"/>
      </file>
    </package>
    <package name="enums.http">
      <metrics statements="3" coveredstatements="3" conditionals="0" coveredconditionals="0" methods="0" coveredmethods="0"/>
      <file name="status-code.js" path="C:\Users\andre\OneDrive\Escritorio\LenguajesProgramacion\Serverless\Microservice_OpenWeather_Nodejs_Jest_AWS\src\helpers\enums\http\status-code.js">
        <metrics statements="3" coveredstatements="3" conditionals="0" coveredconditionals="0" methods="0" coveredmethods="0"/>
        <line num="6" count="1" type="stmt"/>
        <line num="23" count="1" type="stmt"/>
        <line num="35" count="1" type="stmt"/>
      </file>
    </package>
    <package name="http">
      <metrics statements="7" coveredstatements="4" conditionals="0" coveredconditionals="0" methods="1" coveredmethods="1"/>
      <file name="body-response.js" path="C:\Users\andre\OneDrive\Escritorio\LenguajesProgramacion\Serverless\Microservice_OpenWeather_Nodejs_Jest_AWS\src\helpers\http\body-response.js">
        <metrics statements="7" coveredstatements="4" conditionals="0" coveredconditionals="0" methods="1" coveredmethods="1"/>
        <line num="10" count="1" type="stmt"/>
        <line num="11" count="9" type="stmt"/>
        <line num="12" count="9" type="stmt"/>
        <line num="23" count="0" type="stmt"/>
        <line num="24" count="0" type="stmt"/>
        <line num="25" count="0" type="stmt"/>
        <line num="29" count="1" type="stmt"/>
      </file>
    </package>
  </project>
</coverage>
