{"C:\\Users\\andre\\OneDrive\\Escritorio\\LenguajesProgramacion\\Serverless\\Microservice_OpenWeather_Nodejs_Jest_AWS\\src\\helpers\\axios\\request\\get.js": {"path":"C:\\Users\\andre\\OneDrive\\Escritorio\\LenguajesProgramacion\\Serverless\\Microservice_OpenWeather_Nodejs_Jest_AWS\\src\\helpers\\axios\\request\\get.js","statementMap":{"0":{"start":{"line":1,"column":14},"end":{"line":1,"column":30}},"1":{"start":{"line":16,"column":23},"end":{"line":34,"column":1}},"2":{"start":{"line":17,"column":2},"end":{"line":33,"column":3}},"3":{"start":{"line":18,"column":4},"end":{"line":24,"column":5}},"4":{"start":{"line":19,"column":6},"end":{"line":19,"column":43}},"5":{"start":{"line":20,"column":11},"end":{"line":24,"column":5}},"6":{"start":{"line":21,"column":6},"end":{"line":21,"column":51}},"7":{"start":{"line":23,"column":6},"end":{"line":23,"column":57}},"8":{"start":{"line":25,"column":4},"end":{"line":25,"column":66}},"9":{"start":{"line":27,"column":4},"end":{"line":27,"column":21}},"10":{"start":{"line":29,"column":4},"end":{"line":29,"column":63}},"11":{"start":{"line":30,"column":4},"end":{"line":30,"column":48}},"12":{"start":{"line":31,"column":4},"end":{"line":31,"column":24}},"13":{"start":{"line":32,"column":4},"end":{"line":32,"column":23}},"14":{"start":{"line":36,"column":0},"end":{"line":38,"column":2}}},"fnMap":{"0":{"name":"(anonymous_0)","decl":{"start":{"line":16,"column":23},"end":{"line":16,"column":24}},"loc":{"start":{"line":16,"column":52},"end":{"line":34,"column":1}},"line":16}},"branchMap":{"0":{"loc":{"start":{"line":18,"column":4},"end":{"line":24,"column":5}},"type":"if","locations":[{"start":{"line":18,"column":4},"end":{"line":24,"column":5}},{"start":{"line":20,"column":11},"end":{"line":24,"column":5}}],"line":18},"1":{"loc":{"start":{"line":18,"column":8},"end":{"line":18,"column":68}},"type":"binary-expr","locations":[{"start":{"line":18,"column":8},"end":{"line":18,"column":35}},{"start":{"line":18,"column":39},"end":{"line":18,"column":68}}],"line":18},"2":{"loc":{"start":{"line":18,"column":17},"end":{"line":18,"column":34}},"type":"binary-expr","locations":[{"start":{"line":18,"column":17},"end":{"line":18,"column":21}},{"start":{"line":18,"column":25},"end":{"line":18,"column":34}}],"line":18},"3":{"loc":{"start":{"line":18,"column":50},"end":{"line":18,"column":67}},"type":"binary-expr","locations":[{"start":{"line":18,"column":50},"end":{"line":18,"column":54}},{"start":{"line":18,"column":58},"end":{"line":18,"column":67}}],"line":18},"4":{"loc":{"start":{"line":20,"column":11},"end":{"line":24,"column":5}},"type":"if","locations":[{"start":{"line":20,"column":11},"end":{"line":24,"column":5}},{"start":{"line":22,"column":11},"end":{"line":24,"column":5}}],"line":20},"5":{"loc":{"start":{"line":20,"column":24},"end":{"line":20,"column":41}},"type":"binary-expr","locations":[{"start":{"line":20,"column":24},"end":{"line":20,"column":28}},{"start":{"line":20,"column":32},"end":{"line":20,"column":41}}],"line":20},"6":{"loc":{"start":{"line":25,"column":16},"end":{"line":25,"column":65}},"type":"cond-expr","locations":[{"start":{"line":25,"column":40},"end":{"line":25,"column":58}},{"start":{"line":25,"column":61},"end":{"line":25,"column":65}}],"line":25}},"s":{"0":1,"1":1,"2":12,"3":12,"4":6,"5":6,"6":2,"7":4,"8":7,"9":7,"10":5,"11":5,"12":5,"13":5,"14":1},"f":{"0":12},"b":{"0":[6,6],"1":[12,8],"2":[12,12],"3":[8,8],"4":[2,4],"5":[6,6],"6":[7,0]},"_coverageSchema":"1a1c01bbd47fc00a2c39e90264f33305004495a9","hash":"aad02f2eae5f7d8cabdd07053099a0dbf86ad32f"}
,"C:\\Users\\andre\\OneDrive\\Escritorio\\LenguajesProgramacion\\Serverless\\Microservice_OpenWeather_Nodejs_Jest_AWS\\src\\helpers\\enums\\http\\status-code.js": {"path":"C:\\Users\\andre\\OneDrive\\Escritorio\\LenguajesProgramacion\\Serverless\\Microservice_OpenWeather_Nodejs_Jest_AWS\\src\\helpers\\enums\\http\\status-code.js","statementMap":{"0":{"start":{"line":6,"column":19},"end":{"line":16,"column":1}},"1":{"start":{"line":23,"column":26},"end":{"line":33,"column":1}},"2":{"start":{"line":35,"column":0},"end":{"line":35,"column":51}}},"fnMap":{},"branchMap":{},"s":{"0":1,"1":1,"2":1},"f":{},"b":{},"_coverageSchema":"1a1c01bbd47fc00a2c39e90264f33305004495a9","hash":"669d9d07bdc2711913921fb42f91dc3d53dda873"}
,"C:\\Users\\andre\\OneDrive\\Escritorio\\LenguajesProgramacion\\Serverless\\Microservice_OpenWeather_Nodejs_Jest_AWS\\src\\helpers\\file-system\\create-json.js": {"path":"C:\\Users\\andre\\OneDrive\\Escritorio\\LenguajesProgramacion\\Serverless\\Microservice_OpenWeather_Nodejs_Jest_AWS\\src\\helpers\\file-system\\create-json.js","statementMap":{"0":{"start":{"line":2,"column":11},"end":{"line":2,"column":26}},"1":{"start":{"line":3,"column":9},"end":{"line":3,"column":31}},"2":{"start":{"line":14,"column":19},"end":{"line":34,"column":1}},"3":{"start":{"line":15,"column":2},"end":{"line":33,"column":3}},"4":{"start":{"line":16,"column":4},"end":{"line":26,"column":6}},"5":{"start":{"line":20,"column":8},"end":{"line":23,"column":9}},"6":{"start":{"line":21,"column":10},"end":{"line":21,"column":27}},"7":{"start":{"line":22,"column":10},"end":{"line":22,"column":17}},"8":{"start":{"line":24,"column":6},"end":{"line":24,"column":58}},"9":{"start":{"line":29,"column":4},"end":{"line":29,"column":87}},"10":{"start":{"line":30,"column":4},"end":{"line":30,"column":48}},"11":{"start":{"line":31,"column":4},"end":{"line":31,"column":24}},"12":{"start":{"line":32,"column":4},"end":{"line":32,"column":23}},"13":{"start":{"line":36,"column":0},"end":{"line":38,"column":2}}},"fnMap":{"0":{"name":"(anonymous_0)","decl":{"start":{"line":14,"column":19},"end":{"line":14,"column":20}},"loc":{"start":{"line":14,"column":45},"end":{"line":34,"column":1}},"line":14},"1":{"name":"(anonymous_1)","decl":{"start":{"line":19,"column":6},"end":{"line":19,"column":7}},"loc":{"start":{"line":19,"column":15},"end":{"line":25,"column":7}},"line":19}},"branchMap":{"0":{"loc":{"start":{"line":20,"column":8},"end":{"line":23,"column":9}},"type":"if","locations":[{"start":{"line":20,"column":8},"end":{"line":23,"column":9}},{"start":{},"end":{}}],"line":20}},"s":{"0":1,"1":1,"2":1,"3":1,"4":1,"5":0,"6":0,"7":0,"8":0,"9":0,"10":0,"11":0,"12":0,"13":1},"f":{"0":1,"1":0},"b":{"0":[0,0]},"_coverageSchema":"1a1c01bbd47fc00a2c39e90264f33305004495a9","hash":"aac9df8c0a10ed621c4334c49bc326b1c305b870"}
,"C:\\Users\\andre\\OneDrive\\Escritorio\\LenguajesProgramacion\\Serverless\\Microservice_OpenWeather_Nodejs_Jest_AWS\\src\\helpers\\http\\body-response.js": {"path":"C:\\Users\\andre\\OneDrive\\Escritorio\\LenguajesProgramacion\\Serverless\\Microservice_OpenWeather_Nodejs_Jest_AWS\\src\\helpers\\http\\body-response.js","statementMap":{"0":{"start":{"line":10,"column":21},"end":{"line":27,"column":1}},"1":{"start":{"line":11,"column":2},"end":{"line":26,"column":3}},"2":{"start":{"line":12,"column":4},"end":{"line":21,"column":6}},"3":{"start":{"line":23,"column":4},"end":{"line":23,"column":54}},"4":{"start":{"line":24,"column":4},"end":{"line":24,"column":48}},"5":{"start":{"line":25,"column":4},"end":{"line":25,"column":24}},"6":{"start":{"line":29,"column":0},"end":{"line":29,"column":34}}},"fnMap":{"0":{"name":"(anonymous_0)","decl":{"start":{"line":10,"column":21},"end":{"line":10,"column":22}},"loc":{"start":{"line":10,"column":52},"end":{"line":27,"column":1}},"line":10}},"branchMap":{},"s":{"0":1,"1":10,"2":10,"3":0,"4":0,"5":0,"6":1},"f":{"0":10},"b":{},"_coverageSchema":"1a1c01bbd47fc00a2c39e90264f33305004495a9","hash":"0af20253cde9e18441c6bdddda7f86eb36475211"}
}
