TN:
SF:src\helpers\axios\request\get.js
FN:16,(anonymous_0)
FNF:1
FNH:1
FNDA:8,(anonymous_0)
DA:1,1
DA:16,1
DA:17,8
DA:18,8
DA:19,5
DA:20,3
DA:21,1
DA:23,2
DA:25,4
DA:27,4
DA:29,4
DA:30,4
DA:31,4
DA:32,4
DA:36,1
LF:15
LH:15
BRDA:18,0,0,5
BRDA:18,0,1,3
BRDA:18,1,0,8
BRDA:18,1,1,6
BRDA:18,2,0,8
BRDA:18,2,1,8
BRDA:18,3,0,6
BRDA:18,3,1,6
BRDA:20,4,0,1
BRDA:20,4,1,2
BRDA:20,5,0,3
BRDA:20,5,1,3
BRDA:25,6,0,4
BRDA:25,6,1,0
BRF:14
BRH:13
end_of_record
TN:
SF:src\helpers\enums\http\status-code.js
FNF:0
FNH:0
DA:6,1
DA:18,1
LF:2
LH:2
BRF:0
BRH:0
end_of_record
TN:
SF:src\helpers\http\body-response.js
FN:10,(anonymous_0)
FNF:1
FNH:1
FNDA:1,(anonymous_0)
DA:10,1
DA:11,1
DA:12,1
DA:23,0
DA:24,0
DA:25,0
DA:29,1
LF:7
LH:4
BRF:0
BRH:0
end_of_record
