TN:
SF:src\helpers\axios\request\get.js
FN:16,(anonymous_0)
FNF:1
FNH:1
FNDA:11,(anonymous_0)
DA:1,1
DA:16,1
DA:17,11
DA:18,11
DA:19,5
DA:20,6
DA:21,2
DA:23,4
DA:25,7
DA:27,7
DA:29,4
DA:30,4
DA:31,4
DA:32,4
DA:36,1
LF:15
LH:15
BRDA:18,0,0,5
BRDA:18,0,1,6
BRDA:18,1,0,11
BRDA:18,1,1,7
BRDA:18,2,0,11
BRDA:18,2,1,11
BRDA:18,3,0,7
BRDA:18,3,1,7
BRDA:20,4,0,2
BRDA:20,4,1,4
BRDA:20,5,0,6
BRDA:20,5,1,6
BRDA:25,6,0,7
BRDA:25,6,1,0
BRF:14
BRH:13
end_of_record
TN:
SF:src\helpers\enums\http\status-code.js
FNF:0
FNH:0
DA:6,1
DA:23,1
DA:35,1
LF:3
LH:3
BRF:0
BRH:0
end_of_record
TN:
SF:src\helpers\http\body-response.js
FN:10,(anonymous_0)
FNF:1
FNH:1
FNDA:9,(anonymous_0)
DA:10,1
DA:11,9
DA:12,9
DA:23,0
DA:24,0
DA:25,0
DA:29,1
LF:7
LH:4
BRF:0
BRH:0
end_of_record
